2026-02-04 18:26:17,768 [INFO] Archivo procesado: inputs/FuelConsumptionCo2.csv
2026-02-04 18:26:17,788 [INFO] Variable independiente 'FUELCONSUMPTION_COMB':
2026-02-04 18:26:17,791 [INFO] 
0        8.5
1        9.6
2        5.9
3       11.1
4       10.6
        ... 
1062    11.8
1063    11.5
1064    11.8
1065    11.3
1066    12.8
Name: FUELCONSUMPTION_COMB, Length: 1067, dtype: float64

2026-02-04 18:26:17,791 [INFO] Variable dependiente 'CO2EMISSIONS':
2026-02-04 18:26:17,792 [INFO] 
0       196
1       221
2       136
3       255
4       244
       ... 
1062    271
1063    264
1064    271
1065    260
1066    294
Name: CO2EMISSIONS, Length: 1067, dtype: int64

2026-02-04 18:26:17,824 [INFO] X de entrenamiento generado.
2026-02-04 18:26:17,841 [DEBUG] 
333      7.8
106     12.7
585      9.9
55      11.4
213     16.5
        ... 
330     12.0
466     10.0
121     13.8
1044     8.6
860     17.3
Name: FUELCONSUMPTION_COMB, Length: 853, dtype: float64

2026-02-04 18:26:17,841 [INFO] X de pruebas generado.
2026-02-04 18:26:17,843 [DEBUG] 
732    13.2
657     9.6
168    12.8
86      9.6
411     9.0
       ... 
963     9.2
294    10.0
275    10.1
903    11.3
941    16.9
Name: FUELCONSUMPTION_COMB, Length: 214, dtype: float64

2026-02-04 18:26:17,843 [INFO] Y de entrenamiento generado.
2026-02-04 18:26:17,844 [DEBUG] 
333     179
106     292
585     267
55      262
213     380
       ... 
330     276
466     230
121     317
1044    198
860     398
Name: CO2EMISSIONS, Length: 853, dtype: int64

2026-02-04 18:26:17,844 [INFO] Y de pruebas generado.
2026-02-04 18:26:17,845 [DEBUG] 
732    304
657    221
168    294
86     221
411    207
      ... 
963    212
294    230
275    232
903    260
941    389
Name: CO2EMISSIONS, Length: 214, dtype: int64

2026-02-04 18:26:18,371 [DEBUG] Loaded backend tkagg version 8.6.
2026-02-04 18:26:19,161 [DEBUG] STREAM b'IHDR' 16 13
2026-02-04 18:26:19,162 [DEBUG] STREAM b'sBIT' 41 4
2026-02-04 18:26:19,162 [DEBUG] b'sBIT' 41 4 (unknown)
2026-02-04 18:26:19,163 [DEBUG] STREAM b'pHYs' 57 9
2026-02-04 18:26:19,163 [DEBUG] STREAM b'IDAT' 78 1189
2026-02-04 18:26:19,255 [DEBUG] STREAM b'IHDR' 16 13
2026-02-04 18:26:19,258 [DEBUG] STREAM b'sBIT' 41 4
2026-02-04 18:26:19,258 [DEBUG] b'sBIT' 41 4 (unknown)
2026-02-04 18:26:19,258 [DEBUG] STREAM b'pHYs' 57 9
2026-02-04 18:26:19,258 [DEBUG] STREAM b'IDAT' 78 2994
2026-02-04 18:26:19,861 [DEBUG] STREAM b'IHDR' 16 13
2026-02-04 18:26:19,862 [DEBUG] STREAM b'sBIT' 41 4
2026-02-04 18:26:19,862 [DEBUG] b'sBIT' 41 4 (unknown)
2026-02-04 18:26:19,862 [DEBUG] STREAM b'pHYs' 57 9
2026-02-04 18:26:19,862 [DEBUG] STREAM b'IDAT' 78 374
2026-02-04 18:26:19,908 [DEBUG] STREAM b'IHDR' 16 13
2026-02-04 18:26:19,908 [DEBUG] STREAM b'sBIT' 41 4
2026-02-04 18:26:19,908 [DEBUG] b'sBIT' 41 4 (unknown)
2026-02-04 18:26:19,908 [DEBUG] STREAM b'pHYs' 57 9
2026-02-04 18:26:19,908 [DEBUG] STREAM b'IDAT' 78 286
2026-02-04 18:26:19,914 [DEBUG] STREAM b'IHDR' 16 13
2026-02-04 18:26:19,917 [DEBUG] STREAM b'sBIT' 41 4
2026-02-04 18:26:19,920 [DEBUG] b'sBIT' 41 4 (unknown)
2026-02-04 18:26:19,921 [DEBUG] STREAM b'pHYs' 57 9
2026-02-04 18:26:19,921 [DEBUG] STREAM b'IDAT' 78 263
2026-02-04 18:26:19,931 [DEBUG] STREAM b'IHDR' 16 13
2026-02-04 18:26:19,931 [DEBUG] STREAM b'sBIT' 41 4
2026-02-04 18:26:19,931 [DEBUG] b'sBIT' 41 4 (unknown)
2026-02-04 18:26:19,931 [DEBUG] STREAM b'pHYs' 57 9
2026-02-04 18:26:19,931 [DEBUG] STREAM b'IDAT' 78 387
2026-02-04 18:26:19,937 [DEBUG] STREAM b'IHDR' 16 13
2026-02-04 18:26:19,937 [DEBUG] STREAM b'sBIT' 41 4
2026-02-04 18:26:19,938 [DEBUG] b'sBIT' 41 4 (unknown)
2026-02-04 18:26:19,938 [DEBUG] STREAM b'pHYs' 57 9
2026-02-04 18:26:19,938 [DEBUG] STREAM b'IDAT' 78 436
2026-02-04 18:26:19,962 [DEBUG] STREAM b'IHDR' 16 13
2026-02-04 18:26:19,963 [DEBUG] STREAM b'sBIT' 41 4
2026-02-04 18:26:19,963 [DEBUG] b'sBIT' 41 4 (unknown)
2026-02-04 18:26:19,963 [DEBUG] STREAM b'pHYs' 57 9
2026-02-04 18:26:19,963 [DEBUG] STREAM b'IDAT' 78 351
2026-02-04 18:26:19,973 [DEBUG] STREAM b'IHDR' 16 13
2026-02-04 18:26:19,973 [DEBUG] STREAM b'sBIT' 41 4
2026-02-04 18:26:19,973 [DEBUG] b'sBIT' 41 4 (unknown)
2026-02-04 18:26:19,974 [DEBUG] STREAM b'pHYs' 57 9
2026-02-04 18:26:19,974 [DEBUG] STREAM b'IDAT' 78 364
2026-02-04 18:26:19,993 [DEBUG] findfont: Matching sans\-serif:style=normal:variant=normal:weight=normal:stretch=normal:size=10.0.
2026-02-04 18:26:19,994 [DEBUG] findfont: score(FontEntry(fname='/root/workspace/upsrj-machine-learning/venv/lib/python3.12/site-packages/matplotlib/mpl-data/fonts/ttf/DejaVuSansMono.ttf', name='DejaVu Sans Mono', style='normal', variant='normal', weight=400, stretch='normal', size='scalable')) = 10.05
2026-02-04 18:26:19,994 [DEBUG] findfont: score(FontEntry(fname='/root/workspace/upsrj-machine-learning/venv/lib/python3.12/site-packages/matplotlib/mpl-data/fonts/ttf/cmmi10.ttf', name='cmmi10', style='normal', variant='normal', weight=400, stretch='normal', size='scalable')) = 10.05
2026-02-04 18:26:19,994 [DEBUG] findfont: score(FontEntry(fname='/root/workspace/upsrj-machine-learning/venv/lib/python3.12/site-packages/matplotlib/mpl-data/fonts/ttf/DejaVuSerif-Bold.ttf', name='DejaVu Serif', style='normal', variant='normal', weight=700, stretch='normal', size='scalable')) = 10.335
2026-02-04 18:26:19,994 [DEBUG] findfont: score(FontEntry(fname='/root/workspace/upsrj-machine-learning/venv/lib/python3.12/site-packages/matplotlib/mpl-data/fonts/ttf/STIXSizOneSymReg.ttf', name='STIXSizeOneSym', style='normal', variant='normal', weight=400, stretch='normal', size='scalable')) = 10.05
2026-02-04 18:26:19,995 [DEBUG] findfont: score(FontEntry(fname='/root/workspace/upsrj-machine-learning/venv/lib/python3.12/site-packages/matplotlib/mpl-data/fonts/ttf/DejaVuSansMono-BoldOblique.ttf', name='DejaVu Sans Mono', style='oblique', variant='normal', weight=700, stretch='normal', size='scalable')) = 11.335
2026-02-04 18:26:19,995 [DEBUG] findfont: score(FontEntry(fname='/root/workspace/upsrj-machine-learning/venv/lib/python3.12/site-packages/matplotlib/mpl-data/fonts/ttf/STIXSizFourSymReg.ttf', name='STIXSizeFourSym', style='normal', variant='normal', weight=400, stretch='normal', size='scalable')) = 10.05
2026-02-04 18:26:19,995 [DEBUG] findfont: score(FontEntry(fname='/root/workspace/upsrj-machine-learning/venv/lib/python3.12/site-packages/matplotlib/mpl-data/fonts/ttf/DejaVuSerif.ttf', name='DejaVu Serif', style='normal', variant='normal', weight=400, stretch='normal', size='scalable')) = 10.05
2026-02-04 18:26:19,995 [DEBUG] findfont: score(FontEntry(fname='/root/workspace/upsrj-machine-learning/venv/lib/python3.12/site-packages/matplotlib/mpl-data/fonts/ttf/DejaVuSerifDisplay.ttf', name='DejaVu Serif Display', style='normal', variant='normal', weight=400, stretch='normal', size='scalable')) = 10.05
2026-02-04 18:26:19,995 [DEBUG] findfont: score(FontEntry(fname='/root/workspace/upsrj-machine-learning/venv/lib/python3.12/site-packages/matplotlib/mpl-data/fonts/ttf/DejaVuSansMono-Bold.ttf', name='DejaVu Sans Mono', style='normal', variant='normal', weight=700, stretch='normal', size='scalable')) = 10.335
2026-02-04 18:26:19,995 [DEBUG] findfont: score(FontEntry(fname='/root/workspace/upsrj-machine-learning/venv/lib/python3.12/site-packages/matplotlib/mpl-data/fonts/ttf/cmex10.ttf', name='cmex10', style='normal', variant='normal', weight=400, stretch='normal', size='scalable')) = 10.05
2026-02-04 18:26:19,995 [DEBUG] findfont: score(FontEntry(fname='/root/workspace/upsrj-machine-learning/venv/lib/python3.12/site-packages/matplotlib/mpl-data/fonts/ttf/DejaVuSerif-BoldItalic.ttf', name='DejaVu Serif', style='italic', variant='normal', weight=700, stretch='normal', size='scalable')) = 11.335
2026-02-04 18:26:19,995 [DEBUG] findfont: score(FontEntry(fname='/root/workspace/upsrj-machine-learning/venv/lib/python3.12/site-packages/matplotlib/mpl-data/fonts/ttf/STIXNonUniBolIta.ttf', name='STIXNonUnicode', style='italic', variant='normal', weight=700, stretch='normal', size='scalable')) = 11.335
2026-02-04 18:26:19,995 [DEBUG] findfont: score(FontEntry(fname='/root/workspace/upsrj-machine-learning/venv/lib/python3.12/site-packages/matplotlib/mpl-data/fonts/ttf/STIXSizFiveSymReg.ttf', name='STIXSizeFiveSym', style='normal', variant='normal', weight=400, stretch='normal', size='scalable')) = 10.05
2026-02-04 18:26:19,995 [DEBUG] findfont: score(FontEntry(fname='/root/workspace/upsrj-machine-learning/venv/lib/python3.12/site-packages/matplotlib/mpl-data/fonts/ttf/STIXSizOneSymBol.ttf', name='STIXSizeOneSym', style='normal', variant='normal', weight=700, stretch='normal', size='scalable')) = 10.335
2026-02-04 18:26:19,996 [DEBUG] findfont: score(FontEntry(fname='/root/workspace/upsrj-machine-learning/venv/lib/python3.12/site-packages/matplotlib/mpl-data/fonts/ttf/cmss10.ttf', name='cmss10', style='normal', variant='normal', weight=400, stretch='normal', size='scalable')) = 10.05
2026-02-04 18:26:19,996 [DEBUG] findfont: score(FontEntry(fname='/root/workspace/upsrj-machine-learning/venv/lib/python3.12/site-packages/matplotlib/mpl-data/fonts/ttf/STIXGeneral.ttf', name='STIXGeneral', style='normal', variant='normal', weight=400, stretch='normal', size='scalable')) = 10.05
2026-02-04 18:26:19,996 [DEBUG] findfont: score(FontEntry(fname='/root/workspace/upsrj-machine-learning/venv/lib/python3.12/site-packages/matplotlib/mpl-data/fonts/ttf/cmb10.ttf', name='cmb10', style='normal', variant='normal', weight=400, stretch='normal', size='scalable')) = 10.05
2026-02-04 18:26:19,996 [DEBUG] findfont: score(FontEntry(fname='/root/workspace/upsrj-machine-learning/venv/lib/python3.12/site-packages/matplotlib/mpl-data/fonts/ttf/DejaVuSans.ttf', name='DejaVu Sans', style='normal', variant='normal', weight=400, stretch='normal', size='scalable')) = 0.05
2026-02-04 18:26:19,996 [DEBUG] findfont: score(FontEntry(fname='/root/workspace/upsrj-machine-learning/venv/lib/python3.12/site-packages/matplotlib/mpl-data/fonts/ttf/STIXGeneralItalic.ttf', name='STIXGeneral', style='italic', variant='normal', weight=400, stretch='normal', size='scalable')) = 11.05
2026-02-04 18:26:19,996 [DEBUG] findfont: score(FontEntry(fname='/root/workspace/upsrj-machine-learning/venv/lib/python3.12/site-packages/matplotlib/mpl-data/fonts/ttf/STIXSizTwoSymReg.ttf', name='STIXSizeTwoSym', style='normal', variant='normal', weight=400, stretch='normal', size='scalable')) = 10.05
2026-02-04 18:26:19,996 [DEBUG] findfont: score(FontEntry(fname='/root/workspace/upsrj-machine-learning/venv/lib/python3.12/site-packages/matplotlib/mpl-data/fonts/ttf/DejaVuSans-BoldOblique.ttf', name='DejaVu Sans', style='oblique', variant='normal', weight=700, stretch='normal', size='scalable')) = 1.335
2026-02-04 18:26:19,996 [DEBUG] findfont: score(FontEntry(fname='/root/workspace/upsrj-machine-learning/venv/lib/python3.12/site-packages/matplotlib/mpl-data/fonts/ttf/cmsy10.ttf', name='cmsy10', style='normal', variant='normal', weight=400, stretch='normal', size='scalable')) = 10.05
2026-02-04 18:26:19,996 [DEBUG] findfont: score(FontEntry(fname='/root/workspace/upsrj-machine-learning/venv/lib/python3.12/site-packages/matplotlib/mpl-data/fonts/ttf/cmtt10.ttf', name='cmtt10', style='normal', variant='normal', weight=400, stretch='normal', size='scalable')) = 10.05
2026-02-04 18:26:19,996 [DEBUG] findfont: score(FontEntry(fname='/root/workspace/upsrj-machine-learning/venv/lib/python3.12/site-packages/matplotlib/mpl-data/fonts/ttf/STIXNonUniBol.ttf', name='STIXNonUnicode', style='normal', variant='normal', weight=700, stretch='normal', size='scalable')) = 10.335
2026-02-04 18:26:19,996 [DEBUG] findfont: score(FontEntry(fname='/root/workspace/upsrj-machine-learning/venv/lib/python3.12/site-packages/matplotlib/mpl-data/fonts/ttf/STIXNonUni.ttf', name='STIXNonUnicode', style='normal', variant='normal', weight=400, stretch='normal', size='scalable')) = 10.05
2026-02-04 18:26:19,996 [DEBUG] findfont: score(FontEntry(fname='/root/workspace/upsrj-machine-learning/venv/lib/python3.12/site-packages/matplotlib/mpl-data/fonts/ttf/STIXSizFourSymBol.ttf', name='STIXSizeFourSym', style='normal', variant='normal', weight=700, stretch='normal', size='scalable')) = 10.335
2026-02-04 18:26:19,996 [DEBUG] findfont: score(FontEntry(fname='/root/workspace/upsrj-machine-learning/venv/lib/python3.12/site-packages/matplotlib/mpl-data/fonts/ttf/STIXSizThreeSymBol.ttf', name='STIXSizeThreeSym', style='normal', variant='normal', weight=700, stretch='normal', size='scalable')) = 10.335
2026-02-04 18:26:19,997 [DEBUG] findfont: score(FontEntry(fname='/root/workspace/upsrj-machine-learning/venv/lib/python3.12/site-packages/matplotlib/mpl-data/fonts/ttf/DejaVuSansDisplay.ttf', name='DejaVu Sans Display', style='normal', variant='normal', weight=400, stretch='normal', size='scalable')) = 10.05
2026-02-04 18:26:19,997 [DEBUG] findfont: score(FontEntry(fname='/root/workspace/upsrj-machine-learning/venv/lib/python3.12/site-packages/matplotlib/mpl-data/fonts/ttf/STIXNonUniIta.ttf', name='STIXNonUnicode', style='italic', variant='normal', weight=400, stretch='normal', size='scalable')) = 11.05
2026-02-04 18:26:19,997 [DEBUG] findfont: score(FontEntry(fname='/root/workspace/upsrj-machine-learning/venv/lib/python3.12/site-packages/matplotlib/mpl-data/fonts/ttf/DejaVuSerif-Italic.ttf', name='DejaVu Serif', style='italic', variant='normal', weight=400, stretch='normal', size='scalable')) = 11.05
2026-02-04 18:26:19,997 [DEBUG] findfont: score(FontEntry(fname='/root/workspace/upsrj-machine-learning/venv/lib/python3.12/site-packages/matplotlib/mpl-data/fonts/ttf/STIXGeneralBolIta.ttf', name='STIXGeneral', style='italic', variant='normal', weight=700, stretch='normal', size='scalable')) = 11.335
2026-02-04 18:26:19,997 [DEBUG] findfont: score(FontEntry(fname='/root/workspace/upsrj-machine-learning/venv/lib/python3.12/site-packages/matplotlib/mpl-data/fonts/ttf/STIXSizThreeSymReg.ttf', name='STIXSizeThreeSym', style='normal', variant='normal', weight=400, stretch='normal', size='scalable')) = 10.05
2026-02-04 18:26:19,997 [DEBUG] findfont: score(FontEntry(fname='/root/workspace/upsrj-machine-learning/venv/lib/python3.12/site-packages/matplotlib/mpl-data/fonts/ttf/DejaVuSans-Bold.ttf', name='DejaVu Sans', style='normal', variant='normal', weight=700, stretch='normal', size='scalable')) = 0.33499999999999996
2026-02-04 18:26:19,997 [DEBUG] findfont: score(FontEntry(fname='/root/workspace/upsrj-machine-learning/venv/lib/python3.12/site-packages/matplotlib/mpl-data/fonts/ttf/STIXSizTwoSymBol.ttf', name='STIXSizeTwoSym', style='normal', variant='normal', weight=700, stretch='normal', size='scalable')) = 10.335
2026-02-04 18:26:19,997 [DEBUG] findfont: score(FontEntry(fname='/root/workspace/upsrj-machine-learning/venv/lib/python3.12/site-packages/matplotlib/mpl-data/fonts/ttf/STIXGeneralBol.ttf', name='STIXGeneral', style='normal', variant='normal', weight=700, stretch='normal', size='scalable')) = 10.335
2026-02-04 18:26:19,997 [DEBUG] findfont: score(FontEntry(fname='/root/workspace/upsrj-machine-learning/venv/lib/python3.12/site-packages/matplotlib/mpl-data/fonts/ttf/DejaVuSansMono-Oblique.ttf', name='DejaVu Sans Mono', style='oblique', variant='normal', weight=400, stretch='normal', size='scalable')) = 11.05
2026-02-04 18:26:19,997 [DEBUG] findfont: score(FontEntry(fname='/root/workspace/upsrj-machine-learning/venv/lib/python3.12/site-packages/matplotlib/mpl-data/fonts/ttf/cmr10.ttf', name='cmr10', style='normal', variant='normal', weight=400, stretch='normal', size='scalable')) = 10.05
2026-02-04 18:26:19,998 [DEBUG] findfont: score(FontEntry(fname='/root/workspace/upsrj-machine-learning/venv/lib/python3.12/site-packages/matplotlib/mpl-data/fonts/ttf/DejaVuSans-Oblique.ttf', name='DejaVu Sans', style='oblique', variant='normal', weight=400, stretch='normal', size='scalable')) = 1.05
2026-02-04 18:26:19,998 [DEBUG] findfont: score(FontEntry(fname='/usr/share/fonts/truetype/ubuntu/Ubuntu-B.ttf', name='Ubuntu', style='normal', variant='normal', weight=400, stretch='normal', size='scalable')) = 10.05
2026-02-04 18:26:19,998 [DEBUG] findfont: score(FontEntry(fname='/usr/share/fonts/truetype/ubuntu/UbuntuSansMono-Italic[wght].ttf', name='Ubuntu Sans Mono', style='italic', variant='normal', weight=400, stretch='normal', size='scalable')) = 11.05
2026-02-04 18:26:19,998 [DEBUG] findfont: score(FontEntry(fname='/usr/share/fonts/truetype/dejavu/DejaVuSansMono-BoldOblique.ttf', name='DejaVu Sans Mono', style='oblique', variant='normal', weight=700, stretch='normal', size='scalable')) = 11.335
2026-02-04 18:26:19,998 [DEBUG] findfont: score(FontEntry(fname='/usr/share/fonts/truetype/ubuntu/UbuntuSansMono[wght].ttf', name='Ubuntu Sans Mono', style='normal', variant='normal', weight=400, stretch='normal', size='scalable')) = 10.05
2026-02-04 18:26:19,998 [DEBUG] findfont: score(FontEntry(fname='/usr/share/fonts/truetype/ubuntu/UbuntuMono-Italic[wght].ttf', name='Ubuntu Mono', style='italic', variant='normal', weight=400, stretch='normal', size='scalable')) = 11.05
2026-02-04 18:26:19,998 [DEBUG] findfont: score(FontEntry(fname='/usr/share/fonts/truetype/ubuntu/Ubuntu-Italic[wdth,wght].ttf', name='Ubuntu', style='italic', variant='normal', weight=400, stretch='normal', size='scalable')) = 11.05
2026-02-04 18:26:19,998 [DEBUG] findfont: score(FontEntry(fname='/usr/share/fonts/truetype/ubuntu/Ubuntu-L.ttf', name='Ubuntu', style='normal', variant='normal', weight=400, stretch='normal', size='scalable')) = 10.05
2026-02-04 18:26:19,998 [DEBUG] findfont: score(FontEntry(fname='/usr/share/fonts/truetype/ubuntu/Ubuntu-BI.ttf', name='Ubuntu', style='italic', variant='normal', weight=400, stretch='normal', size='scalable')) = 11.05
2026-02-04 18:26:19,999 [DEBUG] findfont: score(FontEntry(fname='/usr/share/fonts/truetype/ubuntu/UbuntuMono-R.ttf', name='Ubuntu Mono', style='normal', variant='normal', weight=400, stretch='normal', size='scalable')) = 10.05
2026-02-04 18:26:19,999 [DEBUG] findfont: score(FontEntry(fname='/usr/share/fonts/truetype/dejavu/DejaVuSansMono-Bold.ttf', name='DejaVu Sans Mono', style='normal', variant='normal', weight=700, stretch='normal', size='scalable')) = 10.335
2026-02-04 18:26:19,999 [DEBUG] findfont: score(FontEntry(fname='/usr/share/fonts/truetype/ubuntu/Ubuntu-R.ttf', name='Ubuntu', style='normal', variant='normal', weight=400, stretch='normal', size='scalable')) = 10.05
2026-02-04 18:26:19,999 [DEBUG] findfont: score(FontEntry(fname='/usr/share/fonts/truetype/dejavu/DejaVuSerif-Bold.ttf', name='DejaVu Serif', style='normal', variant='normal', weight=700, stretch='normal', size='scalable')) = 10.335
2026-02-04 18:26:19,999 [DEBUG] findfont: score(FontEntry(fname='/usr/share/fonts/truetype/dejavu/DejaVuSerif.ttf', name='DejaVu Serif', style='normal', variant='normal', weight=400, stretch='normal', size='scalable')) = 10.05
2026-02-04 18:26:19,999 [DEBUG] findfont: score(FontEntry(fname='/usr/share/fonts/truetype/ubuntu/Ubuntu-MI.ttf', name='Ubuntu', style='italic', variant='normal', weight=400, stretch='normal', size='scalable')) = 11.05
2026-02-04 18:26:19,999 [DEBUG] findfont: score(FontEntry(fname='/usr/share/fonts/truetype/ubuntu/UbuntuMono[wght].ttf', name='Ubuntu Mono', style='normal', variant='normal', weight=400, stretch='normal', size='scalable')) = 10.05
2026-02-04 18:26:19,999 [DEBUG] findfont: score(FontEntry(fname='/usr/share/fonts/truetype/ubuntu/UbuntuMono-BI.ttf', name='Ubuntu Mono', style='italic', variant='normal', weight=400, stretch='normal', size='scalable')) = 11.05
2026-02-04 18:26:20,000 [DEBUG] findfont: score(FontEntry(fname='/usr/share/fonts/truetype/ubuntu/Ubuntu-Th.ttf', name='Ubuntu', style='normal', variant='normal', weight=400, stretch='normal', size='scalable')) = 10.05
2026-02-04 18:26:20,000 [DEBUG] findfont: score(FontEntry(fname='/usr/share/fonts/truetype/ubuntu/Ubuntu-M.ttf', name='Ubuntu', style='normal', variant='normal', weight=400, stretch='normal', size='scalable')) = 10.05
2026-02-04 18:26:20,000 [DEBUG] findfont: score(FontEntry(fname='/usr/share/fonts/truetype/dejavu/DejaVuSansMono.ttf', name='DejaVu Sans Mono', style='normal', variant='normal', weight=400, stretch='normal', size='scalable')) = 10.05
2026-02-04 18:26:20,000 [DEBUG] findfont: score(FontEntry(fname='/usr/share/fonts/truetype/dejavu/DejaVuSansMono-Oblique.ttf', name='DejaVu Sans Mono', style='oblique', variant='normal', weight=400, stretch='normal', size='scalable')) = 11.05
2026-02-04 18:26:20,000 [DEBUG] findfont: score(FontEntry(fname='/usr/share/fonts/truetype/dejavu/DejaVuSans-Bold.ttf', name='DejaVu Sans', style='normal', variant='normal', weight=700, stretch='normal', size='scalable')) = 0.33499999999999996
2026-02-04 18:26:20,000 [DEBUG] findfont: score(FontEntry(fname='/usr/share/fonts/truetype/ubuntu/Ubuntu-LI.ttf', name='Ubuntu', style='italic', variant='normal', weight=400, stretch='normal', size='scalable')) = 11.05
2026-02-04 18:26:20,000 [DEBUG] findfont: score(FontEntry(fname='/usr/share/fonts/truetype/dejavu/DejaVuSans.ttf', name='DejaVu Sans', style='normal', variant='normal', weight=400, stretch='normal', size='scalable')) = 0.05
2026-02-04 18:26:20,000 [DEBUG] findfont: score(FontEntry(fname='/usr/share/fonts/truetype/ubuntu/UbuntuSans[wdth,wght].ttf', name='Ubuntu Sans', style='normal', variant='normal', weight=400, stretch='normal', size='scalable')) = 10.05
2026-02-04 18:26:20,000 [DEBUG] findfont: score(FontEntry(fname='/usr/share/fonts/truetype/ubuntu/Ubuntu-C.ttf', name='Ubuntu', style='normal', variant='normal', weight=400, stretch='normal', size='scalable')) = 10.05
2026-02-04 18:26:20,001 [DEBUG] findfont: score(FontEntry(fname='/usr/share/fonts/truetype/ubuntu/UbuntuSans-Italic[wdth,wght].ttf', name='Ubuntu Sans', style='italic', variant='normal', weight=400, stretch='normal', size='scalable')) = 11.05
2026-02-04 18:26:20,001 [DEBUG] findfont: score(FontEntry(fname='/usr/share/fonts/truetype/ubuntu/UbuntuMono-B.ttf', name='Ubuntu Mono', style='normal', variant='normal', weight=400, stretch='normal', size='scalable')) = 10.05
2026-02-04 18:26:20,001 [DEBUG] findfont: score(FontEntry(fname='/usr/share/fonts/truetype/ubuntu/UbuntuMono-RI.ttf', name='Ubuntu Mono', style='italic', variant='normal', weight=400, stretch='normal', size='scalable')) = 11.05
2026-02-04 18:26:20,001 [DEBUG] findfont: score(FontEntry(fname='/usr/share/fonts/truetype/ubuntu/Ubuntu-RI.ttf', name='Ubuntu', style='italic', variant='normal', weight=400, stretch='normal', size='scalable')) = 11.05
2026-02-04 18:26:20,001 [DEBUG] findfont: score(FontEntry(fname='/usr/share/fonts/truetype/ubuntu/Ubuntu[wdth,wght].ttf', name='Ubuntu', style='normal', variant='normal', weight=400, stretch='normal', size='scalable')) = 10.05
2026-02-04 18:26:20,001 [DEBUG] findfont: Matching sans\-serif:style=normal:variant=normal:weight=normal:stretch=normal:size=10.0 to DejaVu Sans ('/root/workspace/upsrj-machine-learning/venv/lib/python3.12/site-packages/matplotlib/mpl-data/fonts/ttf/DejaVuSans.ttf') with score of 0.050000.
2026-02-04 18:26:20,451 [DEBUG] findfont: Matching sans\-serif:style=normal:variant=normal:weight=normal:stretch=normal:size=12.0.
2026-02-04 18:26:20,452 [DEBUG] findfont: score(FontEntry(fname='/root/workspace/upsrj-machine-learning/venv/lib/python3.12/site-packages/matplotlib/mpl-data/fonts/ttf/DejaVuSansMono.ttf', name='DejaVu Sans Mono', style='normal', variant='normal', weight=400, stretch='normal', size='scalable')) = 10.05
2026-02-04 18:26:20,452 [DEBUG] findfont: score(FontEntry(fname='/root/workspace/upsrj-machine-learning/venv/lib/python3.12/site-packages/matplotlib/mpl-data/fonts/ttf/cmmi10.ttf', name='cmmi10', style='normal', variant='normal', weight=400, stretch='normal', size='scalable')) = 10.05
2026-02-04 18:26:20,452 [DEBUG] findfont: score(FontEntry(fname='/root/workspace/upsrj-machine-learning/venv/lib/python3.12/site-packages/matplotlib/mpl-data/fonts/ttf/DejaVuSerif-Bold.ttf', name='DejaVu Serif', style='normal', variant='normal', weight=700, stretch='normal', size='scalable')) = 10.335
2026-02-04 18:26:20,452 [DEBUG] findfont: score(FontEntry(fname='/root/workspace/upsrj-machine-learning/venv/lib/python3.12/site-packages/matplotlib/mpl-data/fonts/ttf/STIXSizOneSymReg.ttf', name='STIXSizeOneSym', style='normal', variant='normal', weight=400, stretch='normal', size='scalable')) = 10.05
2026-02-04 18:26:20,452 [DEBUG] findfont: score(FontEntry(fname='/root/workspace/upsrj-machine-learning/venv/lib/python3.12/site-packages/matplotlib/mpl-data/fonts/ttf/DejaVuSansMono-BoldOblique.ttf', name='DejaVu Sans Mono', style='oblique', variant='normal', weight=700, stretch='normal', size='scalable')) = 11.335
2026-02-04 18:26:20,452 [DEBUG] findfont: score(FontEntry(fname='/root/workspace/upsrj-machine-learning/venv/lib/python3.12/site-packages/matplotlib/mpl-data/fonts/ttf/STIXSizFourSymReg.ttf', name='STIXSizeFourSym', style='normal', variant='normal', weight=400, stretch='normal', size='scalable')) = 10.05
2026-02-04 18:26:20,452 [DEBUG] findfont: score(FontEntry(fname='/root/workspace/upsrj-machine-learning/venv/lib/python3.12/site-packages/matplotlib/mpl-data/fonts/ttf/DejaVuSerif.ttf', name='DejaVu Serif', style='normal', variant='normal', weight=400, stretch='normal', size='scalable')) = 10.05
2026-02-04 18:26:20,453 [DEBUG] findfont: score(FontEntry(fname='/root/workspace/upsrj-machine-learning/venv/lib/python3.12/site-packages/matplotlib/mpl-data/fonts/ttf/DejaVuSerifDisplay.ttf', name='DejaVu Serif Display', style='normal', variant='normal', weight=400, stretch='normal', size='scalable')) = 10.05
2026-02-04 18:26:20,453 [DEBUG] findfont: score(FontEntry(fname='/root/workspace/upsrj-machine-learning/venv/lib/python3.12/site-packages/matplotlib/mpl-data/fonts/ttf/DejaVuSansMono-Bold.ttf', name='DejaVu Sans Mono', style='normal', variant='normal', weight=700, stretch='normal', size='scalable')) = 10.335
2026-02-04 18:26:20,453 [DEBUG] findfont: score(FontEntry(fname='/root/workspace/upsrj-machine-learning/venv/lib/python3.12/site-packages/matplotlib/mpl-data/fonts/ttf/cmex10.ttf', name='cmex10', style='normal', variant='normal', weight=400, stretch='normal', size='scalable')) = 10.05
2026-02-04 18:26:20,453 [DEBUG] findfont: score(FontEntry(fname='/root/workspace/upsrj-machine-learning/venv/lib/python3.12/site-packages/matplotlib/mpl-data/fonts/ttf/DejaVuSerif-BoldItalic.ttf', name='DejaVu Serif', style='italic', variant='normal', weight=700, stretch='normal', size='scalable')) = 11.335
2026-02-04 18:26:20,453 [DEBUG] findfont: score(FontEntry(fname='/root/workspace/upsrj-machine-learning/venv/lib/python3.12/site-packages/matplotlib/mpl-data/fonts/ttf/STIXNonUniBolIta.ttf', name='STIXNonUnicode', style='italic', variant='normal', weight=700, stretch='normal', size='scalable')) = 11.335
2026-02-04 18:26:20,453 [DEBUG] findfont: score(FontEntry(fname='/root/workspace/upsrj-machine-learning/venv/lib/python3.12/site-packages/matplotlib/mpl-data/fonts/ttf/STIXSizFiveSymReg.ttf', name='STIXSizeFiveSym', style='normal', variant='normal', weight=400, stretch='normal', size='scalable')) = 10.05
2026-02-04 18:26:20,453 [DEBUG] findfont: score(FontEntry(fname='/root/workspace/upsrj-machine-learning/venv/lib/python3.12/site-packages/matplotlib/mpl-data/fonts/ttf/STIXSizOneSymBol.ttf', name='STIXSizeOneSym', style='normal', variant='normal', weight=700, stretch='normal', size='scalable')) = 10.335
2026-02-04 18:26:20,453 [DEBUG] findfont: score(FontEntry(fname='/root/workspace/upsrj-machine-learning/venv/lib/python3.12/site-packages/matplotlib/mpl-data/fonts/ttf/cmss10.ttf', name='cmss10', style='normal', variant='normal', weight=400, stretch='normal', size='scalable')) = 10.05
2026-02-04 18:26:20,453 [DEBUG] findfont: score(FontEntry(fname='/root/workspace/upsrj-machine-learning/venv/lib/python3.12/site-packages/matplotlib/mpl-data/fonts/ttf/STIXGeneral.ttf', name='STIXGeneral', style='normal', variant='normal', weight=400, stretch='normal', size='scalable')) = 10.05
2026-02-04 18:26:20,453 [DEBUG] findfont: score(FontEntry(fname='/root/workspace/upsrj-machine-learning/venv/lib/python3.12/site-packages/matplotlib/mpl-data/fonts/ttf/cmb10.ttf', name='cmb10', style='normal', variant='normal', weight=400, stretch='normal', size='scalable')) = 10.05
2026-02-04 18:26:20,453 [DEBUG] findfont: score(FontEntry(fname='/root/workspace/upsrj-machine-learning/venv/lib/python3.12/site-packages/matplotlib/mpl-data/fonts/ttf/DejaVuSans.ttf', name='DejaVu Sans', style='normal', variant='normal', weight=400, stretch='normal', size='scalable')) = 0.05
2026-02-04 18:26:20,454 [DEBUG] findfont: score(FontEntry(fname='/root/workspace/upsrj-machine-learning/venv/lib/python3.12/site-packages/matplotlib/mpl-data/fonts/ttf/STIXGeneralItalic.ttf', name='STIXGeneral', style='italic', variant='normal', weight=400, stretch='normal', size='scalable')) = 11.05
2026-02-04 18:26:20,454 [DEBUG] findfont: score(FontEntry(fname='/root/workspace/upsrj-machine-learning/venv/lib/python3.12/site-packages/matplotlib/mpl-data/fonts/ttf/STIXSizTwoSymReg.ttf', name='STIXSizeTwoSym', style='normal', variant='normal', weight=400, stretch='normal', size='scalable')) = 10.05
2026-02-04 18:26:20,454 [DEBUG] findfont: score(FontEntry(fname='/root/workspace/upsrj-machine-learning/venv/lib/python3.12/site-packages/matplotlib/mpl-data/fonts/ttf/DejaVuSans-BoldOblique.ttf', name='DejaVu Sans', style='oblique', variant='normal', weight=700, stretch='normal', size='scalable')) = 1.335
2026-02-04 18:26:20,454 [DEBUG] findfont: score(FontEntry(fname='/root/workspace/upsrj-machine-learning/venv/lib/python3.12/site-packages/matplotlib/mpl-data/fonts/ttf/cmsy10.ttf', name='cmsy10', style='normal', variant='normal', weight=400, stretch='normal', size='scalable')) = 10.05
2026-02-04 18:26:20,454 [DEBUG] findfont: score(FontEntry(fname='/root/workspace/upsrj-machine-learning/venv/lib/python3.12/site-packages/matplotlib/mpl-data/fonts/ttf/cmtt10.ttf', name='cmtt10', style='normal', variant='normal', weight=400, stretch='normal', size='scalable')) = 10.05
2026-02-04 18:26:20,454 [DEBUG] findfont: score(FontEntry(fname='/root/workspace/upsrj-machine-learning/venv/lib/python3.12/site-packages/matplotlib/mpl-data/fonts/ttf/STIXNonUniBol.ttf', name='STIXNonUnicode', style='normal', variant='normal', weight=700, stretch='normal', size='scalable')) = 10.335
2026-02-04 18:26:20,454 [DEBUG] findfont: score(FontEntry(fname='/root/workspace/upsrj-machine-learning/venv/lib/python3.12/site-packages/matplotlib/mpl-data/fonts/ttf/STIXNonUni.ttf', name='STIXNonUnicode', style='normal', variant='normal', weight=400, stretch='normal', size='scalable')) = 10.05
2026-02-04 18:26:20,454 [DEBUG] findfont: score(FontEntry(fname='/root/workspace/upsrj-machine-learning/venv/lib/python3.12/site-packages/matplotlib/mpl-data/fonts/ttf/STIXSizFourSymBol.ttf', name='STIXSizeFourSym', style='normal', variant='normal', weight=700, stretch='normal', size='scalable')) = 10.335
2026-02-04 18:26:20,454 [DEBUG] findfont: score(FontEntry(fname='/root/workspace/upsrj-machine-learning/venv/lib/python3.12/site-packages/matplotlib/mpl-data/fonts/ttf/STIXSizThreeSymBol.ttf', name='STIXSizeThreeSym', style='normal', variant='normal', weight=700, stretch='normal', size='scalable')) = 10.335
2026-02-04 18:26:20,454 [DEBUG] findfont: score(FontEntry(fname='/root/workspace/upsrj-machine-learning/venv/lib/python3.12/site-packages/matplotlib/mpl-data/fonts/ttf/DejaVuSansDisplay.ttf', name='DejaVu Sans Display', style='normal', variant='normal', weight=400, stretch='normal', size='scalable')) = 10.05
2026-02-04 18:26:20,455 [DEBUG] findfont: score(FontEntry(fname='/root/workspace/upsrj-machine-learning/venv/lib/python3.12/site-packages/matplotlib/mpl-data/fonts/ttf/STIXNonUniIta.ttf', name='STIXNonUnicode', style='italic', variant='normal', weight=400, stretch='normal', size='scalable')) = 11.05
2026-02-04 18:26:20,455 [DEBUG] findfont: score(FontEntry(fname='/root/workspace/upsrj-machine-learning/venv/lib/python3.12/site-packages/matplotlib/mpl-data/fonts/ttf/DejaVuSerif-Italic.ttf', name='DejaVu Serif', style='italic', variant='normal', weight=400, stretch='normal', size='scalable')) = 11.05
2026-02-04 18:26:20,456 [DEBUG] findfont: score(FontEntry(fname='/root/workspace/upsrj-machine-learning/venv/lib/python3.12/site-packages/matplotlib/mpl-data/fonts/ttf/STIXGeneralBolIta.ttf', name='STIXGeneral', style='italic', variant='normal', weight=700, stretch='normal', size='scalable')) = 11.335
2026-02-04 18:26:20,456 [DEBUG] findfont: score(FontEntry(fname='/root/workspace/upsrj-machine-learning/venv/lib/python3.12/site-packages/matplotlib/mpl-data/fonts/ttf/STIXSizThreeSymReg.ttf', name='STIXSizeThreeSym', style='normal', variant='normal', weight=400, stretch='normal', size='scalable')) = 10.05
2026-02-04 18:26:20,456 [DEBUG] findfont: score(FontEntry(fname='/root/workspace/upsrj-machine-learning/venv/lib/python3.12/site-packages/matplotlib/mpl-data/fonts/ttf/DejaVuSans-Bold.ttf', name='DejaVu Sans', style='normal', variant='normal', weight=700, stretch='normal', size='scalable')) = 0.33499999999999996
2026-02-04 18:26:20,456 [DEBUG] findfont: score(FontEntry(fname='/root/workspace/upsrj-machine-learning/venv/lib/python3.12/site-packages/matplotlib/mpl-data/fonts/ttf/STIXSizTwoSymBol.ttf', name='STIXSizeTwoSym', style='normal', variant='normal', weight=700, stretch='normal', size='scalable')) = 10.335
2026-02-04 18:26:20,457 [DEBUG] findfont: score(FontEntry(fname='/root/workspace/upsrj-machine-learning/venv/lib/python3.12/site-packages/matplotlib/mpl-data/fonts/ttf/STIXGeneralBol.ttf', name='STIXGeneral', style='normal', variant='normal', weight=700, stretch='normal', size='scalable')) = 10.335
2026-02-04 18:26:20,457 [DEBUG] findfont: score(FontEntry(fname='/root/workspace/upsrj-machine-learning/venv/lib/python3.12/site-packages/matplotlib/mpl-data/fonts/ttf/DejaVuSansMono-Oblique.ttf', name='DejaVu Sans Mono', style='oblique', variant='normal', weight=400, stretch='normal', size='scalable')) = 11.05
2026-02-04 18:26:20,457 [DEBUG] findfont: score(FontEntry(fname='/root/workspace/upsrj-machine-learning/venv/lib/python3.12/site-packages/matplotlib/mpl-data/fonts/ttf/cmr10.ttf', name='cmr10', style='normal', variant='normal', weight=400, stretch='normal', size='scalable')) = 10.05
2026-02-04 18:26:20,457 [DEBUG] findfont: score(FontEntry(fname='/root/workspace/upsrj-machine-learning/venv/lib/python3.12/site-packages/matplotlib/mpl-data/fonts/ttf/DejaVuSans-Oblique.ttf', name='DejaVu Sans', style='oblique', variant='normal', weight=400, stretch='normal', size='scalable')) = 1.05
2026-02-04 18:26:20,457 [DEBUG] findfont: score(FontEntry(fname='/usr/share/fonts/truetype/ubuntu/Ubuntu-B.ttf', name='Ubuntu', style='normal', variant='normal', weight=400, stretch='normal', size='scalable')) = 10.05
2026-02-04 18:26:20,458 [DEBUG] findfont: score(FontEntry(fname='/usr/share/fonts/truetype/ubuntu/UbuntuSansMono-Italic[wght].ttf', name='Ubuntu Sans Mono', style='italic', variant='normal', weight=400, stretch='normal', size='scalable')) = 11.05
2026-02-04 18:26:20,458 [DEBUG] findfont: score(FontEntry(fname='/usr/share/fonts/truetype/dejavu/DejaVuSansMono-BoldOblique.ttf', name='DejaVu Sans Mono', style='oblique', variant='normal', weight=700, stretch='normal', size='scalable')) = 11.335
2026-02-04 18:26:20,458 [DEBUG] findfont: score(FontEntry(fname='/usr/share/fonts/truetype/ubuntu/UbuntuSansMono[wght].ttf', name='Ubuntu Sans Mono', style='normal', variant='normal', weight=400, stretch='normal', size='scalable')) = 10.05
2026-02-04 18:26:20,458 [DEBUG] findfont: score(FontEntry(fname='/usr/share/fonts/truetype/ubuntu/UbuntuMono-Italic[wght].ttf', name='Ubuntu Mono', style='italic', variant='normal', weight=400, stretch='normal', size='scalable')) = 11.05
2026-02-04 18:26:20,458 [DEBUG] findfont: score(FontEntry(fname='/usr/share/fonts/truetype/ubuntu/Ubuntu-Italic[wdth,wght].ttf', name='Ubuntu', style='italic', variant='normal', weight=400, stretch='normal', size='scalable')) = 11.05
2026-02-04 18:26:20,459 [DEBUG] findfont: score(FontEntry(fname='/usr/share/fonts/truetype/ubuntu/Ubuntu-L.ttf', name='Ubuntu', style='normal', variant='normal', weight=400, stretch='normal', size='scalable')) = 10.05
2026-02-04 18:26:20,459 [DEBUG] findfont: score(FontEntry(fname='/usr/share/fonts/truetype/ubuntu/Ubuntu-BI.ttf', name='Ubuntu', style='italic', variant='normal', weight=400, stretch='normal', size='scalable')) = 11.05
2026-02-04 18:26:20,459 [DEBUG] findfont: score(FontEntry(fname='/usr/share/fonts/truetype/ubuntu/UbuntuMono-R.ttf', name='Ubuntu Mono', style='normal', variant='normal', weight=400, stretch='normal', size='scalable')) = 10.05
2026-02-04 18:26:20,459 [DEBUG] findfont: score(FontEntry(fname='/usr/share/fonts/truetype/dejavu/DejaVuSansMono-Bold.ttf', name='DejaVu Sans Mono', style='normal', variant='normal', weight=700, stretch='normal', size='scalable')) = 10.335
2026-02-04 18:26:20,459 [DEBUG] findfont: score(FontEntry(fname='/usr/share/fonts/truetype/ubuntu/Ubuntu-R.ttf', name='Ubuntu', style='normal', variant='normal', weight=400, stretch='normal', size='scalable')) = 10.05
2026-02-04 18:26:20,460 [DEBUG] findfont: score(FontEntry(fname='/usr/share/fonts/truetype/dejavu/DejaVuSerif-Bold.ttf', name='DejaVu Serif', style='normal', variant='normal', weight=700, stretch='normal', size='scalable')) = 10.335
2026-02-04 18:26:20,460 [DEBUG] findfont: score(FontEntry(fname='/usr/share/fonts/truetype/dejavu/DejaVuSerif.ttf', name='DejaVu Serif', style='normal', variant='normal', weight=400, stretch='normal', size='scalable')) = 10.05
2026-02-04 18:26:20,460 [DEBUG] findfont: score(FontEntry(fname='/usr/share/fonts/truetype/ubuntu/Ubuntu-MI.ttf', name='Ubuntu', style='italic', variant='normal', weight=400, stretch='normal', size='scalable')) = 11.05
2026-02-04 18:26:20,460 [DEBUG] findfont: score(FontEntry(fname='/usr/share/fonts/truetype/ubuntu/UbuntuMono[wght].ttf', name='Ubuntu Mono', style='normal', variant='normal', weight=400, stretch='normal', size='scalable')) = 10.05
2026-02-04 18:26:20,460 [DEBUG] findfont: score(FontEntry(fname='/usr/share/fonts/truetype/ubuntu/UbuntuMono-BI.ttf', name='Ubuntu Mono', style='italic', variant='normal', weight=400, stretch='normal', size='scalable')) = 11.05
2026-02-04 18:26:20,460 [DEBUG] findfont: score(FontEntry(fname='/usr/share/fonts/truetype/ubuntu/Ubuntu-Th.ttf', name='Ubuntu', style='normal', variant='normal', weight=400, stretch='normal', size='scalable')) = 10.05
2026-02-04 18:26:20,460 [DEBUG] findfont: score(FontEntry(fname='/usr/share/fonts/truetype/ubuntu/Ubuntu-M.ttf', name='Ubuntu', style='normal', variant='normal', weight=400, stretch='normal', size='scalable')) = 10.05
2026-02-04 18:26:20,460 [DEBUG] findfont: score(FontEntry(fname='/usr/share/fonts/truetype/dejavu/DejaVuSansMono.ttf', name='DejaVu Sans Mono', style='normal', variant='normal', weight=400, stretch='normal', size='scalable')) = 10.05
2026-02-04 18:26:20,460 [DEBUG] findfont: score(FontEntry(fname='/usr/share/fonts/truetype/dejavu/DejaVuSansMono-Oblique.ttf', name='DejaVu Sans Mono', style='oblique', variant='normal', weight=400, stretch='normal', size='scalable')) = 11.05
2026-02-04 18:26:20,460 [DEBUG] findfont: score(FontEntry(fname='/usr/share/fonts/truetype/dejavu/DejaVuSans-Bold.ttf', name='DejaVu Sans', style='normal', variant='normal', weight=700, stretch='normal', size='scalable')) = 0.33499999999999996
2026-02-04 18:26:20,461 [DEBUG] findfont: score(FontEntry(fname='/usr/share/fonts/truetype/ubuntu/Ubuntu-LI.ttf', name='Ubuntu', style='italic', variant='normal', weight=400, stretch='normal', size='scalable')) = 11.05
2026-02-04 18:26:20,461 [DEBUG] findfont: score(FontEntry(fname='/usr/share/fonts/truetype/dejavu/DejaVuSans.ttf', name='DejaVu Sans', style='normal', variant='normal', weight=400, stretch='normal', size='scalable')) = 0.05
2026-02-04 18:26:20,461 [DEBUG] findfont: score(FontEntry(fname='/usr/share/fonts/truetype/ubuntu/UbuntuSans[wdth,wght].ttf', name='Ubuntu Sans', style='normal', variant='normal', weight=400, stretch='normal', size='scalable')) = 10.05
2026-02-04 18:26:20,461 [DEBUG] findfont: score(FontEntry(fname='/usr/share/fonts/truetype/ubuntu/Ubuntu-C.ttf', name='Ubuntu', style='normal', variant='normal', weight=400, stretch='normal', size='scalable')) = 10.05
2026-02-04 18:26:20,461 [DEBUG] findfont: score(FontEntry(fname='/usr/share/fonts/truetype/ubuntu/UbuntuSans-Italic[wdth,wght].ttf', name='Ubuntu Sans', style='italic', variant='normal', weight=400, stretch='normal', size='scalable')) = 11.05
2026-02-04 18:26:20,461 [DEBUG] findfont: score(FontEntry(fname='/usr/share/fonts/truetype/ubuntu/UbuntuMono-B.ttf', name='Ubuntu Mono', style='normal', variant='normal', weight=400, stretch='normal', size='scalable')) = 10.05
2026-02-04 18:26:20,461 [DEBUG] findfont: score(FontEntry(fname='/usr/share/fonts/truetype/ubuntu/UbuntuMono-RI.ttf', name='Ubuntu Mono', style='italic', variant='normal', weight=400, stretch='normal', size='scalable')) = 11.05
2026-02-04 18:26:20,461 [DEBUG] findfont: score(FontEntry(fname='/usr/share/fonts/truetype/ubuntu/Ubuntu-RI.ttf', name='Ubuntu', style='italic', variant='normal', weight=400, stretch='normal', size='scalable')) = 11.05
2026-02-04 18:26:20,461 [DEBUG] findfont: score(FontEntry(fname='/usr/share/fonts/truetype/ubuntu/Ubuntu[wdth,wght].ttf', name='Ubuntu', style='normal', variant='normal', weight=400, stretch='normal', size='scalable')) = 10.05
2026-02-04 18:26:20,461 [DEBUG] findfont: Matching sans\-serif:style=normal:variant=normal:weight=normal:stretch=normal:size=12.0 to DejaVu Sans ('/root/workspace/upsrj-machine-learning/venv/lib/python3.12/site-packages/matplotlib/mpl-data/fonts/ttf/DejaVuSans.ttf') with score of 0.050000.
2026-02-04 18:26:28,157 [INFO] El modelo linear fue alimentado con 'X_train'.
2026-02-04 18:26:28,157 [INFO] Intercept: 69.10302617988444
2026-02-04 18:26:28,157 [INFO] Coefficient: 16.180900781199195
2026-02-04 18:26:28,159 [INFO] MSE: 797.4346310097206
2026-02-04 18:26:28,160 [INFO] R² 0.8071474868274242
2026-02-04 18:26:28,225 [DEBUG] STREAM b'IHDR' 16 13
2026-02-04 18:26:28,225 [DEBUG] STREAM b'sBIT' 41 4
2026-02-04 18:26:28,226 [DEBUG] b'sBIT' 41 4 (unknown)
2026-02-04 18:26:28,226 [DEBUG] STREAM b'pHYs' 57 9
2026-02-04 18:26:28,226 [DEBUG] STREAM b'IDAT' 78 1189
2026-02-04 18:26:28,242 [DEBUG] STREAM b'IHDR' 16 13
2026-02-04 18:26:28,242 [DEBUG] STREAM b'sBIT' 41 4
2026-02-04 18:26:28,242 [DEBUG] b'sBIT' 41 4 (unknown)
2026-02-04 18:26:28,242 [DEBUG] STREAM b'pHYs' 57 9
2026-02-04 18:26:28,242 [DEBUG] STREAM b'IDAT' 78 2994
2026-02-04 18:26:28,310 [DEBUG] STREAM b'IHDR' 16 13
2026-02-04 18:26:28,310 [DEBUG] STREAM b'sBIT' 41 4
2026-02-04 18:26:28,310 [DEBUG] b'sBIT' 41 4 (unknown)
2026-02-04 18:26:28,310 [DEBUG] STREAM b'pHYs' 57 9
2026-02-04 18:26:28,310 [DEBUG] STREAM b'IDAT' 78 374
2026-02-04 18:26:28,321 [DEBUG] STREAM b'IHDR' 16 13
2026-02-04 18:26:28,321 [DEBUG] STREAM b'sBIT' 41 4
2026-02-04 18:26:28,321 [DEBUG] b'sBIT' 41 4 (unknown)
2026-02-04 18:26:28,322 [DEBUG] STREAM b'pHYs' 57 9
2026-02-04 18:26:28,322 [DEBUG] STREAM b'IDAT' 78 286
2026-02-04 18:26:28,324 [DEBUG] STREAM b'IHDR' 16 13
2026-02-04 18:26:28,325 [DEBUG] STREAM b'sBIT' 41 4
2026-02-04 18:26:28,325 [DEBUG] b'sBIT' 41 4 (unknown)
2026-02-04 18:26:28,325 [DEBUG] STREAM b'pHYs' 57 9
2026-02-04 18:26:28,325 [DEBUG] STREAM b'IDAT' 78 263
2026-02-04 18:26:28,338 [DEBUG] STREAM b'IHDR' 16 13
2026-02-04 18:26:28,339 [DEBUG] STREAM b'sBIT' 41 4
2026-02-04 18:26:28,339 [DEBUG] b'sBIT' 41 4 (unknown)
2026-02-04 18:26:28,339 [DEBUG] STREAM b'pHYs' 57 9
2026-02-04 18:26:28,339 [DEBUG] STREAM b'IDAT' 78 387
2026-02-04 18:26:28,342 [DEBUG] STREAM b'IHDR' 16 13
2026-02-04 18:26:28,343 [DEBUG] STREAM b'sBIT' 41 4
2026-02-04 18:26:28,343 [DEBUG] b'sBIT' 41 4 (unknown)
2026-02-04 18:26:28,343 [DEBUG] STREAM b'pHYs' 57 9
2026-02-04 18:26:28,343 [DEBUG] STREAM b'IDAT' 78 436
2026-02-04 18:26:28,355 [DEBUG] STREAM b'IHDR' 16 13
2026-02-04 18:26:28,356 [DEBUG] STREAM b'sBIT' 41 4
2026-02-04 18:26:28,356 [DEBUG] b'sBIT' 41 4 (unknown)
2026-02-04 18:26:28,356 [DEBUG] STREAM b'pHYs' 57 9
2026-02-04 18:26:28,356 [DEBUG] STREAM b'IDAT' 78 351
2026-02-04 18:26:28,359 [DEBUG] STREAM b'IHDR' 16 13
2026-02-04 18:26:28,359 [DEBUG] STREAM b'sBIT' 41 4
2026-02-04 18:26:28,359 [DEBUG] b'sBIT' 41 4 (unknown)
2026-02-04 18:26:28,359 [DEBUG] STREAM b'pHYs' 57 9
2026-02-04 18:26:28,359 [DEBUG] STREAM b'IDAT' 78 364
2026-02-04 18:26:31,439 [INFO] Intercep: 67.3483851836209
2026-02-04 18:26:31,439 [INFO] Coefficient of 'ENGINESIZE' : 11.209439495558263
2026-02-04 18:26:31,439 [INFO] Coefficient of 'CYLINDERS' : 7.155613809018341
2026-02-04 18:26:31,439 [INFO] Coefficient of 'FUELCONSUMPTION_COMB' : 9.520811800573568
2026-02-04 18:26:31,443 [INFO] MSE: 512.8551370148301
2026-02-04 18:26:31,444 [INFO] R² 0.875970520691407
2026-02-04 18:26:31,545 [DEBUG] STREAM b'IHDR' 16 13
2026-02-04 18:26:31,546 [DEBUG] STREAM b'sBIT' 41 4
2026-02-04 18:26:31,546 [DEBUG] b'sBIT' 41 4 (unknown)
2026-02-04 18:26:31,554 [DEBUG] STREAM b'pHYs' 57 9
2026-02-04 18:26:31,555 [DEBUG] STREAM b'IDAT' 78 1189
2026-02-04 18:26:31,571 [DEBUG] STREAM b'IHDR' 16 13
2026-02-04 18:26:31,571 [DEBUG] STREAM b'sBIT' 41 4
2026-02-04 18:26:31,571 [DEBUG] b'sBIT' 41 4 (unknown)
2026-02-04 18:26:31,571 [DEBUG] STREAM b'pHYs' 57 9
2026-02-04 18:26:31,571 [DEBUG] STREAM b'IDAT' 78 2994
2026-02-04 18:26:31,796 [DEBUG] STREAM b'IHDR' 16 13
2026-02-04 18:26:31,797 [DEBUG] STREAM b'sBIT' 41 4
2026-02-04 18:26:31,797 [DEBUG] b'sBIT' 41 4 (unknown)
2026-02-04 18:26:31,797 [DEBUG] STREAM b'pHYs' 57 9
2026-02-04 18:26:31,797 [DEBUG] STREAM b'IDAT' 78 374
2026-02-04 18:26:31,799 [DEBUG] STREAM b'IHDR' 16 13
2026-02-04 18:26:31,800 [DEBUG] STREAM b'sBIT' 41 4
2026-02-04 18:26:31,800 [DEBUG] b'sBIT' 41 4 (unknown)
2026-02-04 18:26:31,800 [DEBUG] STREAM b'pHYs' 57 9
2026-02-04 18:26:31,800 [DEBUG] STREAM b'IDAT' 78 286
2026-02-04 18:26:31,809 [DEBUG] STREAM b'IHDR' 16 13
2026-02-04 18:26:31,809 [DEBUG] STREAM b'sBIT' 41 4
2026-02-04 18:26:31,809 [DEBUG] b'sBIT' 41 4 (unknown)
2026-02-04 18:26:31,810 [DEBUG] STREAM b'pHYs' 57 9
2026-02-04 18:26:31,810 [DEBUG] STREAM b'IDAT' 78 263
2026-02-04 18:26:31,813 [DEBUG] STREAM b'IHDR' 16 13
2026-02-04 18:26:31,813 [DEBUG] STREAM b'sBIT' 41 4
2026-02-04 18:26:31,814 [DEBUG] b'sBIT' 41 4 (unknown)
2026-02-04 18:26:31,814 [DEBUG] STREAM b'pHYs' 57 9
2026-02-04 18:26:31,814 [DEBUG] STREAM b'IDAT' 78 387
2026-02-04 18:26:31,826 [DEBUG] STREAM b'IHDR' 16 13
2026-02-04 18:26:31,826 [DEBUG] STREAM b'sBIT' 41 4
2026-02-04 18:26:31,826 [DEBUG] b'sBIT' 41 4 (unknown)
2026-02-04 18:26:31,826 [DEBUG] STREAM b'pHYs' 57 9
2026-02-04 18:26:31,826 [DEBUG] STREAM b'IDAT' 78 436
2026-02-04 18:26:31,829 [DEBUG] STREAM b'IHDR' 16 13
2026-02-04 18:26:31,829 [DEBUG] STREAM b'sBIT' 41 4
2026-02-04 18:26:31,829 [DEBUG] b'sBIT' 41 4 (unknown)
2026-02-04 18:26:31,829 [DEBUG] STREAM b'pHYs' 57 9
2026-02-04 18:26:31,840 [DEBUG] STREAM b'IDAT' 78 351
2026-02-04 18:26:31,843 [DEBUG] STREAM b'IHDR' 16 13
2026-02-04 18:26:31,843 [DEBUG] STREAM b'sBIT' 41 4
2026-02-04 18:26:31,843 [DEBUG] b'sBIT' 41 4 (unknown)
2026-02-04 18:26:31,843 [DEBUG] STREAM b'pHYs' 57 9
2026-02-04 18:26:31,843 [DEBUG] STREAM b'IDAT' 78 364
2026-02-04 18:26:40,526 [INFO] 
                      MODELYEAR  ENGINESIZE  CYLINDERS  FUELCONSUMPTION_CITY  FUELCONSUMPTION_HWY  FUELCONSUMPTION_COMB
MODELYEAR                   NaN         NaN        NaN                   NaN                  NaN                   NaN
ENGINESIZE                  NaN    1.000000   0.934011              0.832225             0.778746              0.819482
CYLINDERS                   NaN    0.934011   1.000000              0.796473             0.724594              0.776788
FUELCONSUMPTION_CITY        NaN    0.832225   0.796473              1.000000             0.965718              0.995542
FUELCONSUMPTION_HWY         NaN    0.778746   0.724594              0.965718             1.000000              0.985804
FUELCONSUMPTION_COMB        NaN    0.819482   0.776788              0.995542             0.985804              1.000000
